<?xml version="1.0" encoding="UTF-8"?>
<testsuite xmlns:xsi="http://www.w3.org/2001/XMLSchema-instance" xsi:noNamespaceSchemaLocation="https://maven.apache.org/surefire/maven-surefire-plugin/xsd/surefire-test-report-3.0.xsd" version="3.0" name="Logic.Trees.RBTreeTest" time="0.083" tests="4" errors="0" skipped="0" failures="0">
  <properties>
[...]
</properties>
  <testcase name="structuralInvariantsHoldAfterBulkInsertAndDelete" classname="Logic.Trees.RBTreeTest" time="0.076"/>
  <testcase name="deleteUpdatesMembershipAndOrdering" classname="Logic.Trees.RBTreeTest" time="0.001"/>
  <testcase name="emptyTreeHasZeroHeight" classname="Logic.Trees.RBTreeTest" time="0.001"/>
  <testcase name="insertAndContainsWorkWithDuplicateRejection" classname="Logic.Trees.RBTreeTest" time="0.001"/>
</testsuite>